2026-01-27 11:35:27.755 [INFO] ph.com.bpi.M4_Activity8.BankAccount - Deposit requested: ₱5000.0
2026-01-27 11:35:27.757 [INFO] ph.com.bpi.M4_Activity8.BankAccount - Deposit completed: ₱5000.0, New balance: ₱15000.0
2026-01-27 11:35:27.758 [INFO] ph.com.bpi.M4_Activity8.BankAccount - Withdrawal requested: ₱3000.0
2026-01-27 11:35:27.758 [INFO] ph.com.bpi.M4_Activity8.BankAccount - Withdrawal completed: ₱3000.0, New balance: ₱12000.0
2026-01-27 11:35:27.758 [INFO] ph.com.bpi.M4_Activity8.BankAccount - Deposit requested: ₱-500.0
2026-01-27 11:35:27.759 [ERROR] ph.com.bpi.M4_Activity8.BankAccount - Invalid deposit amount: ₱-500.0
2026-01-27 11:35:27.759 [ERROR] ph.com.bpi.M4_Activity8.BankAccount - Deposit failed: Deposit amount must be positive
2026-01-27 11:35:27.762 [INFO] ph.com.bpi.M4_Activity8.BankAccount - Withdrawal requested: ₱20000.0
2026-01-27 11:35:27.762 [WARN] ph.com.bpi.M4_Activity8.BankAccount - Insufficient funds: ₱12000.0 available
2026-01-27 11:35:27.762 [ERROR] ph.com.bpi.M4_Activity8.BankAccount - Withdrawal failed: Insufficient funds for withdrawal
2026-01-27 11:35:27.763 [INFO] ph.com.bpi.M4_Activity8.BankAccount - Deposit requested: ₱60000.0
2026-01-27 11:35:27.763 [WARN] ph.com.bpi.M4_Activity8.BankAccount - Large deposit: ₱60000.0 - requires verification
2026-01-27 11:35:27.763 [INFO] ph.com.bpi.M4_Activity8.BankAccount - Deposit completed: ₱60000.0, New balance: ₱72000.0
2026-01-27 11:36:34.086 [INFO] ph.com.bpi.M4_Activity8.BankAccount - Deposit requested: ₱5000.0
2026-01-27 11:36:34.089 [INFO] ph.com.bpi.M4_Activity8.BankAccount - Deposit completed: ₱5000.0, New balance: ₱15000.0
2026-01-27 11:36:34.090 [INFO] ph.com.bpi.M4_Activity8.BankAccount - Withdrawal requested: ₱3000.0
2026-01-27 11:36:34.090 [INFO] ph.com.bpi.M4_Activity8.BankAccount - Withdrawal completed: ₱3000.0, New balance: ₱12000.0
2026-01-27 11:36:34.091 [INFO] ph.com.bpi.M4_Activity8.BankAccount - Deposit requested: ₱-500.0
2026-01-27 11:36:34.091 [ERROR] ph.com.bpi.M4_Activity8.BankAccount - Invalid deposit amount: ₱-500.0
2026-01-27 11:36:34.091 [ERROR] ph.com.bpi.M4_Activity8.BankAccount - Deposit failed: Deposit amount must be positive
2026-01-27 11:36:34.092 [INFO] ph.com.bpi.M4_Activity8.BankAccount - Withdrawal requested: ₱20000.0
2026-01-27 11:36:34.092 [WARN] ph.com.bpi.M4_Activity8.BankAccount - Insufficient funds: ₱12000.0 available
2026-01-27 11:36:34.092 [ERROR] ph.com.bpi.M4_Activity8.BankAccount - Withdrawal failed: Insufficient funds for withdrawal
2026-01-27 11:36:34.093 [INFO] ph.com.bpi.M4_Activity8.BankAccount - Deposit requested: ₱60000.0
2026-01-27 11:36:34.093 [WARN] ph.com.bpi.M4_Activity8.BankAccount - Large deposit: ₱60000.0 - requires verification
2026-01-27 11:36:34.093 [INFO] ph.com.bpi.M4_Activity8.BankAccount - Deposit completed: ₱60000.0, New balance: ₱72000.0
2026-01-27 11:39:16.598 [INFO] ph.com.bpi.M4_Activity8.BankAccount - Deposit requested: ₱5000.0
2026-01-27 11:39:16.601 [INFO] ph.com.bpi.M4_Activity8.BankAccount - Deposit completed: ₱5000.0, New balance: ₱15000.0
2026-01-27 11:39:16.602 [INFO] ph.com.bpi.M4_Activity8.BankAccount - Withdrawal requested: ₱3000.0
2026-01-27 11:39:16.602 [INFO] ph.com.bpi.M4_Activity8.BankAccount - Withdrawal completed: ₱3000.0, New balance: ₱12000.0
2026-01-27 11:39:16.603 [INFO] ph.com.bpi.M4_Activity8.BankAccount - Deposit requested: ₱-500.0
2026-01-27 11:39:16.603 [ERROR] ph.com.bpi.M4_Activity8.BankAccount - Invalid deposit amount: ₱-500.0
2026-01-27 11:39:16.604 [ERROR] ph.com.bpi.M4_Activity8.BankAccount - Deposit failed: Deposit amount must be positive
2026-01-27 11:39:16.605 [INFO] ph.com.bpi.M4_Activity8.BankAccount - Withdrawal requested: ₱20000.0
2026-01-27 11:39:16.605 [WARN] ph.com.bpi.M4_Activity8.BankAccount - Insufficient funds: ₱12000.0 available
2026-01-27 11:39:16.605 [ERROR] ph.com.bpi.M4_Activity8.BankAccount - Withdrawal failed: Insufficient funds for withdrawal
2026-01-27 11:39:16.606 [INFO] ph.com.bpi.M4_Activity8.BankAccount - Deposit requested: ₱60000.0
2026-01-27 11:39:16.606 [WARN] ph.com.bpi.M4_Activity8.BankAccount - Large deposit: ₱60000.0 - requires verification
2026-01-27 11:39:16.606 [INFO] ph.com.bpi.M4_Activity8.BankAccount - Deposit completed: ₱60000.0, New balance: ₱72000.0
2026-01-27 11:46:15.290 [INFO] ph.com.bpi.M4_Activity8.BankAccount - Deposit requested: ₱5000.0
2026-01-27 11:46:15.293 [INFO] ph.com.bpi.M4_Activity8.BankAccount - Deposit completed: ₱5000.0, New balance: ₱15000.0
2026-01-27 11:46:15.296 [INFO] ph.com.bpi.M4_Activity8.BankAccount - Withdrawal requested: ₱3000.0
2026-01-27 11:46:15.297 [INFO] ph.com.bpi.M4_Activity8.BankAccount - Withdrawal completed: ₱3000.0, New balance: ₱12000.0
2026-01-27 11:46:15.298 [INFO] ph.com.bpi.M4_Activity8.BankAccount - Deposit requested: ₱-500.0
2026-01-27 11:46:15.298 [ERROR] ph.com.bpi.M4_Activity8.BankAccount - Invalid deposit amount: ₱-500.0
2026-01-27 11:46:15.298 [ERROR] ph.com.bpi.M4_Activity8.BankAccount - Deposit failed: Deposit amount must be positive
2026-01-27 11:46:15.299 [INFO] ph.com.bpi.M4_Activity8.BankAccount - Withdrawal requested: ₱20000.0
2026-01-27 11:46:15.299 [WARN] ph.com.bpi.M4_Activity8.BankAccount - Insufficient funds: ₱12000.0 available
2026-01-27 11:46:15.299 [ERROR] ph.com.bpi.M4_Activity8.BankAccount - Withdrawal failed: Insufficient funds for withdrawal
2026-01-27 11:46:15.300 [INFO] ph.com.bpi.M4_Activity8.BankAccount - Deposit requested: ₱60000.0
2026-01-27 11:46:15.301 [WARN] ph.com.bpi.M4_Activity8.BankAccount - Large deposit: ₱60000.0 - requires verification
2026-01-27 11:46:15.301 [INFO] ph.com.bpi.M4_Activity8.BankAccount - Deposit completed: ₱60000.0, New balance: ₱72000.0
